2006/06/23 15:00:20 java.lang.NullPointerException
2006/06/23 15:19:39 内容：
test


2006/06/23 15:19:39 内容：
test


2006/06/23 15:22:09 内容：

ここに本文

_/_/_/_/_/_/_/_/_/_/_/_/_/_/_/_/_/_/_/_/
株式会社 アフィニティネイション
制作部　　片渕彼富
katafuchi@affinitynation.co.jp
〒105-0004
東京都港区新橋3-2-3千代川ビル5階東館
Tel  03-3503-8181 
Fax 03-3503-8188 
_/_/_/_/_/_/_/_/_/_/_/_/_/_/_/_/_/_/_/_/


2006/06/23 15:29:31 内容：

Forwarded by katafuchi <katafuchi@affinitynation.co.jp>
----------------------- Original Message -----------------------
 From:    pinkygirls.princess@docomo.ne.jp
 To:      katafuchi@affinitynation.co.jp
 Date:    Thu, 22 Jun 2006 21:02:12 +0900 (JST)
 Subject: 
----

☆６月22日☆
今日ともだちにチークぬってもらったぁ！！お仕事ではやってもらうんだけど自分ではもってなくて、つけてもらったらやっぱりちがうね(o'∪'o)"女の子につけたほうが可愛いと言われてその気になりチークぬってもらったぁってたくさん自慢しました◎ぜったぃチーク買おうと思いました☆☆★わらった時にほっぺたあがるところ、につけると可愛いょ♪"でもぬりすぎ注意!!わかる〜？(笑)
--------------------- Original Message Ends --------------------


2006/06/23 15:33:00 内容：

Forwarded by katafuchi <katafuchi@affinitynation.co.jp>
----------------------- Original Message -----------------------
 From:    pinkygirls.princess@docomo.ne.jp
 To:      katafuchi@affinitynation.co.jp
 Date:    Wed, 21 Jun 2006 22:43:27 +0900 (JST)
 Subject: 
----

☆６月21日☆
最近お仕事でレッスンはじめました★今日はうまれて初めての発声練習をしました!!複式呼吸から始まってあめんぼあかいなに挑戦しました♪ちょっとアナウンサー気分(*´∀｀*)放課後からだったから終わるのは夜遅くてヘトヘトになっちゃった。。だけどぅちに帰ったらマミーがエビフライつくってくれていて癒されました☆。・゜★・゜☆゜。声が大きく出せるように毎日練習するぞ〜っ↑↑♪"
--------------------- Original Message Ends --------------------


2006/06/23 16:30:00 内容：

Forwarded by katafuchi <katafuchi@affinitynation.co.jp>
----------------------- Original Message -----------------------
 From:    pinkygirls.princess@docomo.ne.jp
 To:      katafuchi@affinitynation.co.jp
 Date:    Wed, 21 Jun 2006 22:43:27 +0900 (JST)
 Subject: 
----

☆６月21日☆
最近お仕事でレッスンはじめました★今日はうまれて初めての発声練習をしました!!複式呼吸から始まってあめんぼあかいなに挑戦しました♪ちょっとアナウンサー気分(*´∀｀*)放課後からだったから終わるのは夜遅くてヘトヘトになっちゃった。。だけどぅちに帰ったらマミーがエビフライつくってくれていて癒されました☆。・゜★・゜☆゜。声が大きく出せるように毎日練習するぞ〜っ↑↑♪"
--------------------- Original Message Ends --------------------


2006/06/23 17:23:35 内容：

Forwarded by katafuchi <katafuchi@affinitynation.co.jp>
----------------------- Original Message -----------------------
 From:    pinkygirls.princess@docomo.ne.jp
 To:      katafuchi@affinitynation.co.jp
 Date:    Wed, 21 Jun 2006 22:43:27 +0900 (JST)
 Subject: 
----

☆６月21日☆
最近お仕事でレッスンはじめました★今日はうまれて初めての発声練習をしました!!複式呼吸から始まってあめんぼあかいなに挑戦しました♪ちょっとアナウンサー気分(*´∀｀*)放課後からだったから終わるのは夜遅くてヘトヘトになっちゃった。。だけどぅちに帰ったらマミーがエビフライつくってくれていて癒されました☆。・゜★・゜☆゜。声が大きく出せるように毎日練習するぞ〜っ↑↑♪"
--------------------- Original Message Ends --------------------


2006/06/23 17:31:07 内容：

Forwarded by katafuchi <katafuchi@affinitynation.co.jp>
----------------------- Original Message -----------------------
 From:    pinkygirls.princess@docomo.ne.jp
 To:      katafuchi@affinitynation.co.jp
 Date:    Wed, 21 Jun 2006 22:43:27 +0900 (JST)
 Subject: 
----

☆６月21日☆
最近お仕事でレッスンはじめました★今日はうまれて初めての発声練習をしました!!複式呼吸から始まってあめんぼあかいなに挑戦しました♪ちょっとアナウンサー気分(*´∀｀*)放課後からだったから終わるのは夜遅くてヘトヘトになっちゃった。。だけどぅちに帰ったらマミーがエビフライつくってくれていて癒されました☆。・゜★・゜☆゜。声が大きく出せるように毎日練習するぞ〜っ↑↑♪"
--------------------- Original Message Ends --------------------


